<?xml version="1.0" encoding="UTF-8"?>
<!-- Generated by org.testng.reporters.JUnitReportReporter -->
<testsuite skipped="0" hostname="01bfd49980a5" name="com.newtours.tests.BookFlightTest" tests="20" failures="0" timestamp="24 May 2022 14:44:40 GMT" time="30.620" errors="0">
  <testcase name="flightDetailsPageFunctionality" time="1.568" classname="com.newtours.tests.BookFlightTest"/>
  <testcase name="registrationConfirmationFunctionality" time="0.368" classname="com.newtours.tests.BookFlightTest"/>
  <testcase name="flightDetailsPageFunctionality" time="1.721" classname="com.newtours.tests.BookFlightTest"/>
  <testcase name="registrationConfirmationFunctionality" time="0.286" classname="com.newtours.tests.BookFlightTest"/>
  <testcase name="registrationPageFunctionality" time="4.708" classname="com.newtours.tests.BookFlightTest"/>
  <testcase name="findFlightPage" time="0.642" classname="com.newtours.tests.BookFlightTest"/>
  <testcase name="verifyBillingPriceOfTicket" time="0.352" classname="com.newtours.tests.BookFlightTest"/>
  <testcase name="registrationPageFunctionality" time="5.092" classname="com.newtours.tests.BookFlightTest"/>
  <testcase name="registrationConfirmationFunctionality" time="0.390" classname="com.newtours.tests.BookFlightTest"/>
  <testcase name="registrationConfirmationFunctionality" time="0.350" classname="com.newtours.tests.BookFlightTest"/>
  <testcase name="findFlightPage" time="0.460" classname="com.newtours.tests.BookFlightTest"/>
  <testcase name="verifyBillingPriceOfTicket" time="0.339" classname="com.newtours.tests.BookFlightTest"/>
  <testcase name="registrationPageFunctionality" time="5.281" classname="com.newtours.tests.BookFlightTest"/>
  <testcase name="verifyBillingPriceOfTicket" time="0.232" classname="com.newtours.tests.BookFlightTest"/>
  <testcase name="flightDetailsPageFunctionality" time="1.558" classname="com.newtours.tests.BookFlightTest"/>
  <testcase name="verifyBillingPriceOfTicket" time="0.399" classname="com.newtours.tests.BookFlightTest"/>
  <testcase name="flightDetailsPageFunctionality" time="1.692" classname="com.newtours.tests.BookFlightTest"/>
  <testcase name="findFlightPage" time="0.589" classname="com.newtours.tests.BookFlightTest"/>
  <testcase name="findFlightPage" time="0.439" classname="com.newtours.tests.BookFlightTest"/>
  <testcase name="registrationPageFunctionality" time="4.154" classname="com.newtours.tests.BookFlightTest"/>
</testsuite> <!-- com.newtours.tests.BookFlightTest -->
