<?xml version="1.0" encoding="UTF-8"?>
<!-- Generated by org.testng.reporters.JUnitReportReporter -->
<testsuite skipped="0" hostname="84574484477b" name="com.searchmodule.tests.SearchTest" tests="4" failures="0" timestamp="24 May 2022 14:44:41 GMT" time="22.500" errors="0">
  <testcase name="search" time="5.882" classname="com.searchmodule.tests.SearchTest"/>
  <testcase name="search" time="4.975" classname="com.searchmodule.tests.SearchTest"/>
  <testcase name="search" time="5.392" classname="com.searchmodule.tests.SearchTest"/>
  <testcase name="search" time="6.251" classname="com.searchmodule.tests.SearchTest"/>
</testsuite> <!-- com.searchmodule.tests.SearchTest -->
